Could not fetch data for route "[33m/products/:productId[39m"
Could not fetch data for route "[33m/products/:productId[39m"
Could not fetch data for route "[33m/products/:productId[39m"
Could not fetch data for route "[33m/products/:productId[39m"
Could not fetch data for route "[33m/products/:productId[39m"
Received Kill command

----------------------------------
Using stored unhandled routes!.
   To discover new routes in the angular app use "[33mnpm run scully -- --scanRoutes[39m"
----------------------------------Could not fetch data for route "[33m/products/:productId[39m"


----------------------------------
Using stored unhandled routes!.
   To discover new routes in the angular app use "[33mnpm run scully -- --scanRoutes[39m"
----------------------------------Could not fetch data for route "[33m/products/:productId[39m"


----------------------------------
Using stored unhandled routes!.
   To discover new routes in the angular app use "[33mnpm run scully -- --scanRoutes[39m"
----------------------------------Could not fetch data for route "[33m/products/:productId[39m"


----------------------------------
Using stored unhandled routes!.
   To discover new routes in the angular app use "[33mnpm run scully -- --scanRoutes[39m"
----------------------------------Could not fetch data for route "[33m/products/:productId[39m"

Received Kill command

----------------------------------
Using stored unhandled routes!.
   To discover new routes in the angular app use "[33mnpm run scully -- --scanRoutes[39m"
----------------------------------
Received Kill command
